TN:
SF:.svelte-kit/__package__/Tooltip.js
FN:33,(anonymous_0)
FN:34,(anonymous_1)
FN:40,(anonymous_2)
FN:85,(anonymous_3)
FN:149,(anonymous_4)
FN:163,(anonymous_5)
FN:168,(anonymous_6)
FN:178,(anonymous_7)
FN:186,(anonymous_8)
FN:191,(anonymous_9)
FN:201,(anonymous_10)
FN:209,(anonymous_11)
FN:221,(anonymous_12)
FN:234,(anonymous_13)
FN:264,(anonymous_14)
FN:298,(anonymous_15)
FN:303,(anonymous_16)
FN:310,(anonymous_17)
FN:313,(anonymous_18)
FN:329,(anonymous_19)
FN:336,(anonymous_20)
FN:342,(anonymous_21)
FN:345,(anonymous_22)
FN:346,(anonymous_23)
FN:353,(anonymous_24)
FN:358,(anonymous_25)
FN:359,(anonymous_26)
FN:369,(anonymous_27)
FN:389,(anonymous_28)
FN:398,(anonymous_29)
FN:407,(anonymous_30)
FNF:31
FNH:31
FNDA:32,(anonymous_0)
FNDA:32,(anonymous_1)
FNDA:32,(anonymous_2)
FNDA:12,(anonymous_3)
FNDA:65,(anonymous_4)
FNDA:31,(anonymous_5)
FNDA:31,(anonymous_6)
FNDA:31,(anonymous_7)
FNDA:3,(anonymous_8)
FNDA:62,(anonymous_9)
FNDA:3,(anonymous_10)
FNDA:36,(anonymous_11)
FNDA:31,(anonymous_12)
FNDA:36,(anonymous_13)
FNDA:29,(anonymous_14)
FNDA:29,(anonymous_15)
FNDA:29,(anonymous_16)
FNDA:19,(anonymous_17)
FNDA:4,(anonymous_18)
FNDA:77,(anonymous_19)
FNDA:19,(anonymous_20)
FNDA:34,(anonymous_21)
FNDA:34,(anonymous_22)
FNDA:34,(anonymous_23)
FNDA:127,(anonymous_24)
FNDA:12,(anonymous_25)
FNDA:12,(anonymous_26)
FNDA:3,(anonymous_27)
FNDA:29,(anonymous_28)
FNDA:5,(anonymous_29)
FNDA:3,(anonymous_30)
DA:5,1
DA:7,32
DA:9,32
DA:10,32
DA:11,32
DA:12,32
DA:13,32
DA:14,32
DA:15,32
DA:16,32
DA:17,32
DA:18,32
DA:19,32
DA:20,32
DA:21,32
DA:22,32
DA:24,32
DA:25,32
DA:26,32
DA:27,32
DA:29,32
DA:30,32
DA:31,32
DA:34,32
DA:35,32
DA:37,32
DA:57,32
DA:58,32
DA:59,32
DA:60,32
DA:61,32
DA:62,32
DA:63,32
DA:64,32
DA:65,32
DA:66,32
DA:67,32
DA:68,32
DA:69,32
DA:70,32
DA:72,32
DA:74,32
DA:76,32
DA:77,32
DA:78,32
DA:80,32
DA:82,32
DA:102,12
DA:105,12
DA:106,12
DA:107,12
DA:108,12
DA:109,12
DA:111,12
DA:112,12
DA:113,12
DA:114,12
DA:115,12
DA:116,12
DA:117,12
DA:118,12
DA:119,12
DA:120,12
DA:121,12
DA:122,12
DA:123,12
DA:125,12
DA:126,4
DA:127,4
DA:130,12
DA:136,5
DA:142,12
DA:143,1
DA:144,11
DA:145,1
DA:150,65
DA:151,65
DA:153,65
DA:155,59
DA:157,59
DA:159,59
DA:160,65
DA:164,31
DA:165,31
DA:169,31
DA:170,31
DA:172,31
DA:173,31
DA:174,31
DA:175,31
DA:179,31
DA:181,31
DA:182,31
DA:183,31
DA:187,3
DA:188,3
DA:192,62
DA:193,62
DA:194,62
DA:195,62
DA:197,62
DA:198,62
DA:202,3
DA:203,3
DA:204,3
DA:206,3
DA:210,36
DA:211,36
DA:212,36
DA:216,36
DA:218,36
DA:219,31
DA:222,31
DA:223,31
DA:224,31
DA:226,5
DA:227,1
DA:228,1
DA:231,36
DA:235,36
DA:236,36
DA:237,36
DA:238,36
DA:240,3
DA:241,3
DA:244,2
DA:248,2
DA:251,2
DA:255,2
DA:258,29
DA:261,36
DA:265,29
DA:266,29
DA:267,29
DA:269,2
DA:270,2
DA:271,2
DA:272,2
DA:273,2
DA:276,2
DA:277,2
DA:278,2
DA:279,2
DA:280,2
DA:283,2
DA:284,2
DA:285,2
DA:286,2
DA:287,2
DA:290,23
DA:291,23
DA:292,23
DA:293,23
DA:299,29
DA:300,3
DA:303,29
DA:304,29
DA:306,29
DA:308,29
DA:309,19
DA:311,19
DA:312,19
DA:313,19
DA:314,4
DA:315,4
DA:316,2
DA:319,19
DA:320,19
DA:322,19
DA:330,77
DA:331,9
DA:334,71
DA:336,71
DA:337,19
DA:339,71
DA:343,34
DA:344,34
DA:346,34
DA:347,34
DA:348,34
DA:354,127
DA:355,127
DA:359,12
DA:360,12
DA:362,3
DA:363,3
DA:364,3
DA:365,3
DA:366,3
DA:369,9
DA:370,3
DA:371,3
DA:372,3
DA:373,3
DA:374,3
DA:378,9
DA:379,6
DA:380,6
DA:381,6
DA:382,6
DA:390,29
DA:391,29
DA:392,29
DA:393,29
DA:394,29
DA:399,5
DA:400,5
DA:401,5
DA:402,5
DA:403,5
DA:408,3
DA:416,1
LF:212
LH:212
BRDA:62,0,0,32
BRDA:62,0,1,28
BRDA:63,1,0,32
BRDA:63,1,1,30
BRDA:64,2,0,32
BRDA:64,2,1,32
BRDA:65,3,0,32
BRDA:65,3,1,32
BRDA:66,4,0,32
BRDA:66,4,1,31
BRDA:67,5,0,32
BRDA:67,5,1,31
BRDA:68,6,0,32
BRDA:68,6,1,31
BRDA:69,7,0,32
BRDA:69,7,1,32
BRDA:70,8,0,32
BRDA:70,8,1,32
BRDA:80,9,0,2
BRDA:80,9,1,30
BRDA:102,10,0,12
BRDA:102,10,1,1
BRDA:102,10,2,12
BRDA:102,10,3,0
BRDA:105,11,0,12
BRDA:105,11,1,1
BRDA:106,12,0,12
BRDA:106,12,1,4
BRDA:107,13,0,12
BRDA:107,13,1,0
BRDA:108,14,0,12
BRDA:108,14,1,1
BRDA:109,15,0,12
BRDA:109,15,1,11
BRDA:115,16,0,12
BRDA:115,16,1,8
BRDA:116,17,0,12
BRDA:116,17,1,11
BRDA:117,18,0,12
BRDA:117,18,1,12
BRDA:118,19,0,12
BRDA:118,19,1,12
BRDA:119,20,0,12
BRDA:119,20,1,11
BRDA:120,21,0,12
BRDA:120,21,1,11
BRDA:121,22,0,12
BRDA:121,22,1,11
BRDA:122,23,0,12
BRDA:122,23,1,12
BRDA:123,24,0,12
BRDA:123,24,1,12
BRDA:125,25,0,4
BRDA:125,25,1,8
BRDA:125,26,0,12
BRDA:125,26,1,12
BRDA:125,26,2,8
BRDA:130,27,0,5
BRDA:130,27,1,7
BRDA:131,28,0,12
BRDA:131,28,1,11
BRDA:131,28,2,11
BRDA:131,28,3,7
BRDA:138,29,0,5
BRDA:138,29,1,4
BRDA:142,30,0,1
BRDA:142,30,1,11
BRDA:144,31,0,1
BRDA:144,31,1,10
BRDA:214,32,0,36
BRDA:214,32,1,35
BRDA:218,33,0,31
BRDA:218,33,1,5
BRDA:222,34,0,31
BRDA:222,34,1,0
BRDA:226,35,0,1
BRDA:226,35,1,4
BRDA:238,36,0,3
BRDA:238,36,1,2
BRDA:238,36,2,2
BRDA:238,36,3,29
BRDA:267,37,0,2
BRDA:267,37,1,2
BRDA:267,37,2,2
BRDA:267,37,3,23
BRDA:299,38,0,3
BRDA:299,38,1,26
BRDA:308,39,0,19
BRDA:308,39,1,10
BRDA:311,40,0,19
BRDA:311,40,1,0
BRDA:312,41,0,19
BRDA:312,41,1,0
BRDA:314,42,0,4
BRDA:314,42,1,0
BRDA:315,43,0,2
BRDA:315,43,1,2
BRDA:322,44,0,19
BRDA:322,44,1,0
BRDA:330,45,0,9
BRDA:330,45,1,68
BRDA:360,46,0,3
BRDA:360,46,1,9
BRDA:372,47,0,3
BRDA:372,47,1,0
BRDA:378,48,0,6
BRDA:378,48,1,3
BRDA:390,49,0,29
BRDA:390,49,1,0
BRDA:399,50,0,5
BRDA:399,50,1,0
BRDA:399,51,0,5
BRDA:399,51,1,0
BRDA:408,52,0,1
BRDA:408,52,1,2
BRDA:409,53,0,3
BRDA:409,53,1,3
BRDA:409,53,2,1
BRDA:409,53,3,1
BRDA:409,53,4,1
BRDA:409,53,5,0
BRDA:409,53,6,0
BRF:122
BRH:109
end_of_record
TN:
SF:.svelte-kit/__package__/useTooltip.css
FNF:0
FNH:0
LF:0
LH:0
BRF:0
BRH:0
end_of_record
TN:
SF:.svelte-kit/__package__/useTooltip.js
FN:5,(anonymous_0)
FN:43,(anonymous_1)
FN:75,(anonymous_2)
FNF:3
FNH:3
FNDA:32,(anonymous_0)
FNDA:12,(anonymous_1)
FNDA:33,(anonymous_2)
DA:5,1
DA:24,32
DA:42,32
DA:59,12
DA:75,33
LF:5
LH:5
BRF:0
BRH:0
end_of_record
TN:
SF:dist/Tooltip.js
FN:33,(anonymous_0)
FN:34,(anonymous_1)
FN:40,(anonymous_2)
FN:85,(anonymous_3)
FN:149,(anonymous_4)
FN:163,(anonymous_5)
FN:168,(anonymous_6)
FN:178,(anonymous_7)
FN:186,(anonymous_8)
FN:191,(anonymous_9)
FN:201,(anonymous_10)
FN:209,(anonymous_11)
FN:221,(anonymous_12)
FN:234,(anonymous_13)
FN:264,(anonymous_14)
FN:298,(anonymous_15)
FN:303,(anonymous_16)
FN:310,(anonymous_17)
FN:313,(anonymous_18)
FN:329,(anonymous_19)
FN:336,(anonymous_20)
FN:342,(anonymous_21)
FN:345,(anonymous_22)
FN:346,(anonymous_23)
FN:353,(anonymous_24)
FN:358,(anonymous_25)
FN:359,(anonymous_26)
FN:369,(anonymous_27)
FN:389,(anonymous_28)
FN:398,(anonymous_29)
FN:407,(anonymous_30)
FNF:31
FNH:31
FNDA:32,(anonymous_0)
FNDA:32,(anonymous_1)
FNDA:32,(anonymous_2)
FNDA:12,(anonymous_3)
FNDA:65,(anonymous_4)
FNDA:31,(anonymous_5)
FNDA:31,(anonymous_6)
FNDA:31,(anonymous_7)
FNDA:3,(anonymous_8)
FNDA:62,(anonymous_9)
FNDA:3,(anonymous_10)
FNDA:36,(anonymous_11)
FNDA:31,(anonymous_12)
FNDA:36,(anonymous_13)
FNDA:29,(anonymous_14)
FNDA:29,(anonymous_15)
FNDA:29,(anonymous_16)
FNDA:19,(anonymous_17)
FNDA:4,(anonymous_18)
FNDA:77,(anonymous_19)
FNDA:19,(anonymous_20)
FNDA:34,(anonymous_21)
FNDA:34,(anonymous_22)
FNDA:34,(anonymous_23)
FNDA:127,(anonymous_24)
FNDA:12,(anonymous_25)
FNDA:12,(anonymous_26)
FNDA:3,(anonymous_27)
FNDA:29,(anonymous_28)
FNDA:5,(anonymous_29)
FNDA:3,(anonymous_30)
DA:5,1
DA:7,32
DA:9,32
DA:10,32
DA:11,32
DA:12,32
DA:13,32
DA:14,32
DA:15,32
DA:16,32
DA:17,32
DA:18,32
DA:19,32
DA:20,32
DA:21,32
DA:22,32
DA:24,32
DA:25,32
DA:26,32
DA:27,32
DA:29,32
DA:30,32
DA:31,32
DA:34,32
DA:35,32
DA:37,32
DA:57,32
DA:58,32
DA:59,32
DA:60,32
DA:61,32
DA:62,32
DA:63,32
DA:64,32
DA:65,32
DA:66,32
DA:67,32
DA:68,32
DA:69,32
DA:70,32
DA:72,32
DA:74,32
DA:76,32
DA:77,32
DA:78,32
DA:80,32
DA:82,32
DA:102,12
DA:105,12
DA:106,12
DA:107,12
DA:108,12
DA:109,12
DA:111,12
DA:112,12
DA:113,12
DA:114,12
DA:115,12
DA:116,12
DA:117,12
DA:118,12
DA:119,12
DA:120,12
DA:121,12
DA:122,12
DA:123,12
DA:125,12
DA:126,4
DA:127,4
DA:130,12
DA:136,5
DA:142,12
DA:143,1
DA:144,11
DA:145,1
DA:150,65
DA:151,65
DA:153,65
DA:155,59
DA:157,59
DA:159,59
DA:160,65
DA:164,31
DA:165,31
DA:169,31
DA:170,31
DA:172,31
DA:173,31
DA:174,31
DA:175,31
DA:179,31
DA:181,31
DA:182,31
DA:183,31
DA:187,3
DA:188,3
DA:192,62
DA:193,62
DA:194,62
DA:195,62
DA:197,62
DA:198,62
DA:202,3
DA:203,3
DA:204,3
DA:206,3
DA:210,36
DA:211,36
DA:212,36
DA:216,36
DA:218,36
DA:219,31
DA:222,31
DA:223,31
DA:224,31
DA:226,5
DA:227,1
DA:228,1
DA:231,36
DA:235,36
DA:236,36
DA:237,36
DA:238,36
DA:240,3
DA:241,3
DA:244,2
DA:248,2
DA:251,2
DA:255,2
DA:258,29
DA:261,36
DA:265,29
DA:266,29
DA:267,29
DA:269,2
DA:270,2
DA:271,2
DA:272,2
DA:273,2
DA:276,2
DA:277,2
DA:278,2
DA:279,2
DA:280,2
DA:283,2
DA:284,2
DA:285,2
DA:286,2
DA:287,2
DA:290,23
DA:291,23
DA:292,23
DA:293,23
DA:299,29
DA:300,3
DA:303,29
DA:304,29
DA:306,29
DA:308,29
DA:309,19
DA:311,19
DA:312,19
DA:313,19
DA:314,4
DA:315,4
DA:316,2
DA:319,19
DA:320,19
DA:322,19
DA:330,77
DA:331,9
DA:334,71
DA:336,71
DA:337,19
DA:339,71
DA:343,34
DA:344,34
DA:346,34
DA:347,34
DA:348,34
DA:354,127
DA:355,127
DA:359,12
DA:360,12
DA:362,3
DA:363,3
DA:364,3
DA:365,3
DA:366,3
DA:369,9
DA:370,3
DA:371,3
DA:372,3
DA:373,3
DA:374,3
DA:378,9
DA:379,6
DA:380,6
DA:381,6
DA:382,6
DA:390,29
DA:391,29
DA:392,29
DA:393,29
DA:394,29
DA:399,5
DA:400,5
DA:401,5
DA:402,5
DA:403,5
DA:408,3
DA:416,1
LF:212
LH:212
BRDA:62,0,0,32
BRDA:62,0,1,28
BRDA:63,1,0,32
BRDA:63,1,1,30
BRDA:64,2,0,32
BRDA:64,2,1,32
BRDA:65,3,0,32
BRDA:65,3,1,32
BRDA:66,4,0,32
BRDA:66,4,1,31
BRDA:67,5,0,32
BRDA:67,5,1,31
BRDA:68,6,0,32
BRDA:68,6,1,31
BRDA:69,7,0,32
BRDA:69,7,1,32
BRDA:70,8,0,32
BRDA:70,8,1,32
BRDA:80,9,0,2
BRDA:80,9,1,30
BRDA:102,10,0,12
BRDA:102,10,1,1
BRDA:102,10,2,12
BRDA:102,10,3,0
BRDA:105,11,0,12
BRDA:105,11,1,1
BRDA:106,12,0,12
BRDA:106,12,1,4
BRDA:107,13,0,12
BRDA:107,13,1,0
BRDA:108,14,0,12
BRDA:108,14,1,1
BRDA:109,15,0,12
BRDA:109,15,1,11
BRDA:115,16,0,12
BRDA:115,16,1,8
BRDA:116,17,0,12
BRDA:116,17,1,11
BRDA:117,18,0,12
BRDA:117,18,1,12
BRDA:118,19,0,12
BRDA:118,19,1,12
BRDA:119,20,0,12
BRDA:119,20,1,11
BRDA:120,21,0,12
BRDA:120,21,1,11
BRDA:121,22,0,12
BRDA:121,22,1,11
BRDA:122,23,0,12
BRDA:122,23,1,12
BRDA:123,24,0,12
BRDA:123,24,1,12
BRDA:125,25,0,4
BRDA:125,25,1,8
BRDA:125,26,0,12
BRDA:125,26,1,12
BRDA:125,26,2,8
BRDA:130,27,0,5
BRDA:130,27,1,7
BRDA:131,28,0,12
BRDA:131,28,1,11
BRDA:131,28,2,11
BRDA:131,28,3,7
BRDA:138,29,0,5
BRDA:138,29,1,4
BRDA:142,30,0,1
BRDA:142,30,1,11
BRDA:144,31,0,1
BRDA:144,31,1,10
BRDA:214,32,0,36
BRDA:214,32,1,35
BRDA:218,33,0,31
BRDA:218,33,1,5
BRDA:222,34,0,31
BRDA:222,34,1,0
BRDA:226,35,0,1
BRDA:226,35,1,4
BRDA:238,36,0,3
BRDA:238,36,1,2
BRDA:238,36,2,2
BRDA:238,36,3,29
BRDA:267,37,0,2
BRDA:267,37,1,2
BRDA:267,37,2,2
BRDA:267,37,3,23
BRDA:299,38,0,3
BRDA:299,38,1,26
BRDA:308,39,0,19
BRDA:308,39,1,10
BRDA:311,40,0,19
BRDA:311,40,1,0
BRDA:312,41,0,19
BRDA:312,41,1,0
BRDA:314,42,0,4
BRDA:314,42,1,0
BRDA:315,43,0,2
BRDA:315,43,1,2
BRDA:322,44,0,19
BRDA:322,44,1,0
BRDA:330,45,0,9
BRDA:330,45,1,68
BRDA:360,46,0,3
BRDA:360,46,1,9
BRDA:372,47,0,3
BRDA:372,47,1,0
BRDA:378,48,0,6
BRDA:378,48,1,3
BRDA:390,49,0,29
BRDA:390,49,1,0
BRDA:399,50,0,5
BRDA:399,50,1,0
BRDA:399,51,0,5
BRDA:399,51,1,0
BRDA:408,52,0,1
BRDA:408,52,1,2
BRDA:409,53,0,3
BRDA:409,53,1,3
BRDA:409,53,2,1
BRDA:409,53,3,1
BRDA:409,53,4,1
BRDA:409,53,5,0
BRDA:409,53,6,0
BRF:122
BRH:109
end_of_record
TN:
SF:dist/useTooltip.css
FNF:0
FNH:0
LF:0
LH:0
BRF:0
BRH:0
end_of_record
TN:
SF:dist/useTooltip.js
FN:5,(anonymous_0)
FN:43,(anonymous_1)
FN:75,(anonymous_2)
FNF:3
FNH:3
FNDA:32,(anonymous_0)
FNDA:12,(anonymous_1)
FNDA:33,(anonymous_2)
DA:5,1
DA:24,32
DA:42,32
DA:59,12
DA:75,33
LF:5
LH:5
BRF:0
BRH:0
end_of_record
TN:
SF:src/lib/Tooltip.js
FN:33,(anonymous_0)
FN:34,(anonymous_1)
FN:40,(anonymous_2)
FN:85,(anonymous_3)
FN:149,(anonymous_4)
FN:163,(anonymous_5)
FN:168,(anonymous_6)
FN:178,(anonymous_7)
FN:186,(anonymous_8)
FN:191,(anonymous_9)
FN:201,(anonymous_10)
FN:209,(anonymous_11)
FN:221,(anonymous_12)
FN:234,(anonymous_13)
FN:264,(anonymous_14)
FN:298,(anonymous_15)
FN:303,(anonymous_16)
FN:310,(anonymous_17)
FN:313,(anonymous_18)
FN:329,(anonymous_19)
FN:336,(anonymous_20)
FN:342,(anonymous_21)
FN:345,(anonymous_22)
FN:346,(anonymous_23)
FN:353,(anonymous_24)
FN:358,(anonymous_25)
FN:359,(anonymous_26)
FN:369,(anonymous_27)
FN:389,(anonymous_28)
FN:398,(anonymous_29)
FN:407,(anonymous_30)
FNF:31
FNH:31
FNDA:32,(anonymous_0)
FNDA:32,(anonymous_1)
FNDA:32,(anonymous_2)
FNDA:12,(anonymous_3)
FNDA:65,(anonymous_4)
FNDA:31,(anonymous_5)
FNDA:31,(anonymous_6)
FNDA:31,(anonymous_7)
FNDA:3,(anonymous_8)
FNDA:62,(anonymous_9)
FNDA:3,(anonymous_10)
FNDA:36,(anonymous_11)
FNDA:31,(anonymous_12)
FNDA:36,(anonymous_13)
FNDA:29,(anonymous_14)
FNDA:29,(anonymous_15)
FNDA:29,(anonymous_16)
FNDA:19,(anonymous_17)
FNDA:4,(anonymous_18)
FNDA:77,(anonymous_19)
FNDA:19,(anonymous_20)
FNDA:34,(anonymous_21)
FNDA:34,(anonymous_22)
FNDA:34,(anonymous_23)
FNDA:127,(anonymous_24)
FNDA:12,(anonymous_25)
FNDA:12,(anonymous_26)
FNDA:3,(anonymous_27)
FNDA:29,(anonymous_28)
FNDA:5,(anonymous_29)
FNDA:3,(anonymous_30)
DA:5,1
DA:7,32
DA:9,32
DA:10,32
DA:11,32
DA:12,32
DA:13,32
DA:14,32
DA:15,32
DA:16,32
DA:17,32
DA:18,32
DA:19,32
DA:20,32
DA:21,32
DA:22,32
DA:24,32
DA:25,32
DA:26,32
DA:27,32
DA:29,32
DA:30,32
DA:31,32
DA:34,32
DA:35,32
DA:37,32
DA:57,32
DA:58,32
DA:59,32
DA:60,32
DA:61,32
DA:62,32
DA:63,32
DA:64,32
DA:65,32
DA:66,32
DA:67,32
DA:68,32
DA:69,32
DA:70,32
DA:72,32
DA:74,32
DA:76,32
DA:77,32
DA:78,32
DA:80,32
DA:82,32
DA:102,12
DA:105,12
DA:106,12
DA:107,12
DA:108,12
DA:109,12
DA:111,12
DA:112,12
DA:113,12
DA:114,12
DA:115,12
DA:116,12
DA:117,12
DA:118,12
DA:119,12
DA:120,12
DA:121,12
DA:122,12
DA:123,12
DA:125,12
DA:126,4
DA:127,4
DA:130,12
DA:136,5
DA:142,12
DA:143,1
DA:144,11
DA:145,1
DA:150,65
DA:151,65
DA:153,65
DA:155,59
DA:157,59
DA:159,59
DA:160,65
DA:164,31
DA:165,31
DA:169,31
DA:170,31
DA:172,31
DA:173,31
DA:174,31
DA:175,31
DA:179,31
DA:181,31
DA:182,31
DA:183,31
DA:187,3
DA:188,3
DA:192,62
DA:193,62
DA:194,62
DA:195,62
DA:197,62
DA:198,62
DA:202,3
DA:203,3
DA:204,3
DA:206,3
DA:210,36
DA:211,36
DA:212,36
DA:216,36
DA:218,36
DA:219,31
DA:222,31
DA:223,31
DA:224,31
DA:226,5
DA:227,1
DA:228,1
DA:231,36
DA:235,36
DA:236,36
DA:237,36
DA:238,36
DA:240,3
DA:241,3
DA:244,2
DA:248,2
DA:251,2
DA:255,2
DA:258,29
DA:261,36
DA:265,29
DA:266,29
DA:267,29
DA:269,2
DA:270,2
DA:271,2
DA:272,2
DA:273,2
DA:276,2
DA:277,2
DA:278,2
DA:279,2
DA:280,2
DA:283,2
DA:284,2
DA:285,2
DA:286,2
DA:287,2
DA:290,23
DA:291,23
DA:292,23
DA:293,23
DA:299,29
DA:300,3
DA:303,29
DA:304,29
DA:306,29
DA:308,29
DA:309,19
DA:311,19
DA:312,19
DA:313,19
DA:314,4
DA:315,4
DA:316,2
DA:319,19
DA:320,19
DA:322,19
DA:330,77
DA:331,9
DA:334,71
DA:336,71
DA:337,19
DA:339,71
DA:343,34
DA:344,34
DA:346,34
DA:347,34
DA:348,34
DA:354,127
DA:355,127
DA:359,12
DA:360,12
DA:362,3
DA:363,3
DA:364,3
DA:365,3
DA:366,3
DA:369,9
DA:370,3
DA:371,3
DA:372,3
DA:373,3
DA:374,3
DA:378,9
DA:379,6
DA:380,6
DA:381,6
DA:382,6
DA:390,29
DA:391,29
DA:392,29
DA:393,29
DA:394,29
DA:399,5
DA:400,5
DA:401,5
DA:402,5
DA:403,5
DA:408,3
DA:416,1
LF:212
LH:212
BRDA:62,0,0,32
BRDA:62,0,1,28
BRDA:63,1,0,32
BRDA:63,1,1,30
BRDA:64,2,0,32
BRDA:64,2,1,32
BRDA:65,3,0,32
BRDA:65,3,1,32
BRDA:66,4,0,32
BRDA:66,4,1,31
BRDA:67,5,0,32
BRDA:67,5,1,31
BRDA:68,6,0,32
BRDA:68,6,1,31
BRDA:69,7,0,32
BRDA:69,7,1,32
BRDA:70,8,0,32
BRDA:70,8,1,32
BRDA:80,9,0,2
BRDA:80,9,1,30
BRDA:102,10,0,12
BRDA:102,10,1,1
BRDA:102,10,2,12
BRDA:102,10,3,0
BRDA:105,11,0,12
BRDA:105,11,1,1
BRDA:106,12,0,12
BRDA:106,12,1,4
BRDA:107,13,0,12
BRDA:107,13,1,0
BRDA:108,14,0,12
BRDA:108,14,1,1
BRDA:109,15,0,12
BRDA:109,15,1,11
BRDA:115,16,0,12
BRDA:115,16,1,8
BRDA:116,17,0,12
BRDA:116,17,1,11
BRDA:117,18,0,12
BRDA:117,18,1,12
BRDA:118,19,0,12
BRDA:118,19,1,12
BRDA:119,20,0,12
BRDA:119,20,1,11
BRDA:120,21,0,12
BRDA:120,21,1,11
BRDA:121,22,0,12
BRDA:121,22,1,11
BRDA:122,23,0,12
BRDA:122,23,1,12
BRDA:123,24,0,12
BRDA:123,24,1,12
BRDA:125,25,0,4
BRDA:125,25,1,8
BRDA:125,26,0,12
BRDA:125,26,1,12
BRDA:125,26,2,8
BRDA:130,27,0,5
BRDA:130,27,1,7
BRDA:131,28,0,12
BRDA:131,28,1,11
BRDA:131,28,2,11
BRDA:131,28,3,7
BRDA:138,29,0,5
BRDA:138,29,1,4
BRDA:142,30,0,1
BRDA:142,30,1,11
BRDA:144,31,0,1
BRDA:144,31,1,10
BRDA:214,32,0,36
BRDA:214,32,1,35
BRDA:218,33,0,31
BRDA:218,33,1,5
BRDA:222,34,0,31
BRDA:222,34,1,0
BRDA:226,35,0,1
BRDA:226,35,1,4
BRDA:238,36,0,3
BRDA:238,36,1,2
BRDA:238,36,2,2
BRDA:238,36,3,29
BRDA:267,37,0,2
BRDA:267,37,1,2
BRDA:267,37,2,2
BRDA:267,37,3,23
BRDA:299,38,0,3
BRDA:299,38,1,26
BRDA:308,39,0,19
BRDA:308,39,1,10
BRDA:311,40,0,19
BRDA:311,40,1,0
BRDA:312,41,0,19
BRDA:312,41,1,0
BRDA:314,42,0,4
BRDA:314,42,1,0
BRDA:315,43,0,2
BRDA:315,43,1,2
BRDA:322,44,0,19
BRDA:322,44,1,0
BRDA:330,45,0,9
BRDA:330,45,1,68
BRDA:360,46,0,3
BRDA:360,46,1,9
BRDA:372,47,0,3
BRDA:372,47,1,0
BRDA:378,48,0,6
BRDA:378,48,1,3
BRDA:390,49,0,29
BRDA:390,49,1,0
BRDA:399,50,0,5
BRDA:399,50,1,0
BRDA:399,51,0,5
BRDA:399,51,1,0
BRDA:408,52,0,1
BRDA:408,52,1,2
BRDA:409,53,0,3
BRDA:409,53,1,3
BRDA:409,53,2,1
BRDA:409,53,3,1
BRDA:409,53,4,1
BRDA:409,53,5,0
BRDA:409,53,6,0
BRF:122
BRH:109
end_of_record
TN:
SF:src/lib/useTooltip.css
FNF:0
FNH:0
LF:0
LH:0
BRF:0
BRH:0
end_of_record
TN:
SF:src/lib/useTooltip.js
FN:5,(anonymous_0)
FN:43,(anonymous_1)
FN:75,(anonymous_2)
FNF:3
FNH:3
FNDA:32,(anonymous_0)
FNDA:12,(anonymous_1)
FNDA:33,(anonymous_2)
DA:5,1
DA:24,32
DA:42,32
DA:59,12
DA:75,33
LF:5
LH:5
BRF:0
BRH:0
end_of_record
